<?xml version="1.0" encoding="UTF-8"?>
<!-- Generated by org.testng.reporters.JUnitXMLReporter -->
<testsuite hostname="DESKTOP-443U2GN" ignored="0" name="sample" tests="4" failures="0" timestamp="2021-03-21T09:26:27 IST" time="0.995" errors="0">
  <testcase name="testWithExcel" time="0.015" classname="test.TestCase"/>
  <testcase name="testWithExcel" time="0.003" classname="test.TestCase"/>
  <testcase name="testWithExcel" time="0.003" classname="test.TestCase"/>
  <testcase name="testWithExcel" time="0.004" classname="test.TestCase"/>
</testsuite> <!-- sample -->
