<?xml version="1.0" encoding="UTF-8"?>
<!-- Generated by org.testng.reporters.JUnitXMLReporter -->
<testsuite hostname="Owhychuuu" ignored="4" name="Test" tests="4" failures="0" timestamp="2021-01-19T19:29:37 IST" time="0.059" errors="0">
  <testcase name="doLogintest" time="0.009" classname="test.TestCase"/>
  <testcase name="doUserRegtest" time="0.0" classname="test.TestCase"/>
  <testcase name="pageValidation" time="0.0" classname="test.TestCase"/>
  <testcase name="titleValidation" time="0.001" classname="test.TestCase"/>
  <testcase name="pageValidation" time="0.0" classname="test.asd">
    <ignored/>
  </testcase> <!-- pageValidation -->
  <testcase name="doUserRegtest" time="0.0" classname="test.asd">
    <ignored/>
  </testcase> <!-- doUserRegtest -->
  <testcase name="titleValidation" time="0.0" classname="test.asd">
    <ignored/>
  </testcase> <!-- titleValidation -->
  <testcase name="doLogintest" time="0.0" classname="test.asd">
    <ignored/>
  </testcase> <!-- doLogintest -->
</testsuite> <!-- Test -->
